# JRE version: Java(TM) SE Runtime Environment (8.0_181-b13) (build 1.8.0_181-b13)
# Java VM: Java HotSpot(TM) 64-Bit Server VM (25.181-b13 mixed mode windows-amd64 compressed oops)
Heap:
 PSYoungGen      total 353792K, used 46867K [0x00000000d5f00000, 0x00000000ed600000, 0x0000000100000000)
  eden space 332800K, 14% used [0x00000000d5f00000,0x00000000d8cc4db0,0x00000000ea400000)
  from space 20992K, 0% used [0x00000000ec180000,0x00000000ec180000,0x00000000ed600000)
  to   space 24064K, 0% used [0x00000000ea700000,0x00000000ea700000,0x00000000ebe80000)
 ParOldGen       total 97280K, used 35666K [0x0000000081c00000, 0x0000000087b00000, 0x00000000d5f00000)
  object space 97280K, 36% used [0x0000000081c00000,0x0000000083ed4840,0x0000000087b00000)
 Metaspace       used 58672K, capacity 61534K, committed 61784K, reserved 1101824K
  class space    used 8000K, capacity 8489K, committed 8576K, reserved 1048576K
GC Heap History (10 events):
Event: 7.566 GC heap before
{Heap before GC invocations=9 (full 1):
 PSYoungGen      total 139776K, used 99817K [0x00000000d5f00000, 0x00000000e6d80000, 0x0000000100000000)
  eden space 129024K, 69% used [0x00000000d5f00000,0x00000000db5fbb00,0x00000000ddd00000)
  from space 10752K, 99% used [0x00000000ddd00000,0x00000000de77ec90,0x00000000de780000)
  to   space 14336K, 0% used [0x00000000e5f80000,0x00000000e5f80000,0x00000000e6d80000)
 ParOldGen       total 44544K, used 13739K [0x0000000081c00000, 0x0000000084780000, 0x00000000d5f00000)
  object space 44544K, 30% used [0x0000000081c00000,0x000000008296ac10,0x0000000084780000)
 Metaspace       used 33741K, capacity 35298K, committed 35456K, reserved 1079296K
  class space    used 4571K, capacity 4887K, committed 4992K, reserved 1048576K
Event: 7.578 GC heap after
Heap after GC invocations=9 (full 1):
 PSYoungGen      total 259584K, used 14309K [0x00000000d5f00000, 0x00000000e7200000, 0x0000000100000000)
  eden space 245248K, 0% used [0x00000000d5f00000,0x00000000d5f00000,0x00000000e4e80000)
  from space 14336K, 99% used [0x00000000e5f80000,0x00000000e6d79530,0x00000000e6d80000)
  to   space 17408K, 0% used [0x00000000e4e80000,0x00000000e4e80000,0x00000000e5f80000)
 ParOldGen       total 44544K, used 16056K [0x0000000081c00000, 0x0000000084780000, 0x00000000d5f00000)
  object space 44544K, 36% used [0x0000000081c00000,0x0000000082bae0e0,0x0000000084780000)
 Metaspace       used 33741K, capacity 35298K, committed 35456K, reserved 1079296K
  class space    used 4571K, capacity 4887K, committed 4992K, reserved 1048576K
}
Event: 7.578 GC heap before
{Heap before GC invocations=10 (full 2):
 PSYoungGen      total 259584K, used 14309K [0x00000000d5f00000, 0x00000000e7200000, 0x0000000100000000)
  eden space 245248K, 0% used [0x00000000d5f00000,0x00000000d5f00000,0x00000000e4e80000)
  from space 14336K, 99% used [0x00000000e5f80000,0x00000000e6d79530,0x00000000e6d80000)
  to   space 17408K, 0% used [0x00000000e4e80000,0x00000000e4e80000,0x00000000e5f80000)
 ParOldGen       total 44544K, used 16056K [0x0000000081c00000, 0x0000000084780000, 0x00000000d5f00000)
  object space 44544K, 36% used [0x0000000081c00000,0x0000000082bae0e0,0x0000000084780000)
 Metaspace       used 33741K, capacity 35298K, committed 35456K, reserved 1079296K
  class space    used 4571K, capacity 4887K, committed 4992K, reserved 1048576K
Event: 7.633 GC heap after
Heap after GC invocations=10 (full 2):
 PSYoungGen      total 259584K, used 0K [0x00000000d5f00000, 0x00000000e7200000, 0x0000000100000000)
  eden space 245248K, 0% used [0x00000000d5f00000,0x00000000d5f00000,0x00000000e4e80000)
  from space 14336K, 0% used [0x00000000e5f80000,0x00000000e5f80000,0x00000000e6d80000)
  to   space 17408K, 0% used [0x00000000e4e80000,0x00000000e4e80000,0x00000000e5f80000)
 ParOldGen       total 74240K, used 23470K [0x0000000081c00000, 0x0000000086480000, 0x00000000d5f00000)
  object space 74240K, 31% used [0x0000000081c00000,0x00000000832ebb60,0x0000000086480000)
 Metaspace       used 33741K, capacity 35298K, committed 35456K, reserved 1079296K
  class space    used 4571K, capacity 4887K, committed 4992K, reserved 1048576K
}
Event: 9.318 GC heap before
{Heap before GC invocations=11 (full 2):
 PSYoungGen      total 259584K, used 245248K [0x00000000d5f00000, 0x00000000e7200000, 0x0000000100000000)
  eden space 245248K, 100% used [0x00000000d5f00000,0x00000000e4e80000,0x00000000e4e80000)
  from space 14336K, 0% used [0x00000000e5f80000,0x00000000e5f80000,0x00000000e6d80000)
  to   space 17408K, 0% used [0x00000000e4e80000,0x00000000e4e80000,0x00000000e5f80000)
 ParOldGen       total 74240K, used 23470K [0x0000000081c00000, 0x0000000086480000, 0x00000000d5f00000)
  object space 74240K, 31% used [0x0000000081c00000,0x00000000832ebb60,0x0000000086480000)
 Metaspace       used 48396K, capacity 50600K, committed 50944K, reserved 1093632K
  class space    used 6647K, capacity 7050K, committed 7168K, reserved 1048576K
Event: 9.332 GC heap after
Heap after GC invocations=11 (full 2):
 PSYoungGen      total 262656K, used 17399K [0x00000000d5f00000, 0x00000000ed600000, 0x0000000100000000)
  eden space 245248K, 0% used [0x00000000d5f00000,0x00000000d5f00000,0x00000000e4e80000)
  from space 17408K, 99% used [0x00000000e4e80000,0x00000000e5f7de58,0x00000000e5f80000)
  to   space 20992K, 0% used [0x00000000ec180000,0x00000000ec180000,0x00000000ed600000)
 ParOldGen       total 74240K, used 27117K [0x0000000081c00000, 0x0000000086480000, 0x00000000d5f00000)
  object space 74240K, 36% used [0x0000000081c00000,0x000000008367b648,0x0000000086480000)
 Metaspace       used 48396K, capacity 50600K, committed 50944K, reserved 1093632K
  class space    used 6647K, capacity 7050K, committed 7168K, reserved 1048576K
}
Event: 20.374 GC heap before
{Heap before GC invocations=12 (full 2):
 PSYoungGen      total 262656K, used 211799K [0x00000000d5f00000, 0x00000000ed600000, 0x0000000100000000)
  eden space 245248K, 79% used [0x00000000d5f00000,0x00000000e1cd8198,0x00000000e4e80000)
  from space 17408K, 99% used [0x00000000e4e80000,0x00000000e5f7de58,0x00000000e5f80000)
  to   space 20992K, 0% used [0x00000000ec180000,0x00000000ec180000,0x00000000ed600000)
 ParOldGen       total 74240K, used 27117K [0x0000000081c00000, 0x0000000086480000, 0x00000000d5f00000)
  object space 74240K, 36% used [0x0000000081c00000,0x000000008367b648,0x0000000086480000)
 Metaspace       used 56552K, capacity 59028K, committed 59096K, reserved 1099776K
  class space    used 7680K, capacity 8144K, committed 8192K, reserved 1048576K
Event: 20.390 GC heap after
Heap after GC invocations=12 (full 2):
 PSYoungGen      total 353792K, used 20966K [0x00000000d5f00000, 0x00000000ed600000, 0x0000000100000000)
  eden space 332800K, 0% used [0x00000000d5f00000,0x00000000d5f00000,0x00000000ea400000)
  from space 20992K, 99% used [0x00000000ec180000,0x00000000ed5f9bd8,0x00000000ed600000)
  to   space 24064K, 0% used [0x00000000ea700000,0x00000000ea700000,0x00000000ebe80000)
 ParOldGen       total 74240K, used 27167K [0x0000000081c00000, 0x0000000086480000, 0x00000000d5f00000)
  object space 74240K, 36% used [0x0000000081c00000,0x0000000083687ce0,0x0000000086480000)
 Metaspace       used 56552K, capacity 59028K, committed 59096K, reserved 1099776K
  class space    used 7680K, capacity 8144K, committed 8192K, reserved 1048576K
}
Event: 20.390 GC heap before
{Heap before GC invocations=13 (full 3):
 PSYoungGen      total 353792K, used 20966K [0x00000000d5f00000, 0x00000000ed600000, 0x0000000100000000)
  eden space 332800K, 0% used [0x00000000d5f00000,0x00000000d5f00000,0x00000000ea400000)
  from space 20992K, 99% used [0x00000000ec180000,0x00000000ed5f9bd8,0x00000000ed600000)
  to   space 24064K, 0% used [0x00000000ea700000,0x00000000ea700000,0x00000000ebe80000)
 ParOldGen       total 74240K, used 27167K [0x0000000081c00000, 0x0000000086480000, 0x00000000d5f00000)
  object space 74240K, 36% used [0x0000000081c00000,0x0000000083687ce0,0x0000000086480000)
 Metaspace       used 56552K, capacity 59028K, committed 59096K, reserved 1099776K
  class space    used 7680K, capacity 8144K, committed 8192K, reserved 1048576K
Event: 20.509 GC heap after
Heap after GC invocations=13 (full 3):
 PSYoungGen      total 353792K, used 0K [0x00000000d5f00000, 0x00000000ed600000, 0x0000000100000000)
  eden space 332800K, 0% used [0x00000000d5f00000,0x00000000d5f00000,0x00000000ea400000)
  from space 20992K, 0% used [0x00000000ec180000,0x00000000ec180000,0x00000000ed600000)
  to   space 24064K, 0% used [0x00000000ea700000,0x00000000ea700000,0x00000000ebe80000)
 ParOldGen       total 97280K, used 35666K [0x0000000081c00000, 0x0000000087b00000, 0x00000000d5f00000)
  object space 97280K, 36% used [0x0000000081c00000,0x0000000083ed4840,0x0000000087b00000)
 Metaspace       used 56550K, capacity 59022K, committed 59096K, reserved 1099776K
  class space    used 7679K, capacity 8143K, committed 8192K, reserved 1048576K
}

